2019-04-14 12:10:34.777  INFO 8340 --- [main] com.springcache.DemoApplication          : Starting DemoApplication on LAPTOP-VUSKNJG4 with PID 8340 (D:\ItemCache\target\classes started by ggs in D:\ItemCache)
2019-04-14 12:10:34.780  INFO 8340 --- [main] com.springcache.DemoApplication          : No active profile set, falling back to default profiles: default
2019-04-14 12:10:36.132  INFO 8340 --- [main] o.s.b.w.embedded.tomcat.TomcatWebServer  : Tomcat initialized with port(s): 8080 (http)
2019-04-14 12:10:36.153  INFO 8340 --- [main] o.apache.catalina.core.StandardService   : Starting service [Tomcat]
2019-04-14 12:10:36.153  INFO 8340 --- [main] org.apache.catalina.core.StandardEngine  : Starting Servlet engine: [Apache Tomcat/9.0.17]
2019-04-14 12:10:36.168  INFO 8340 --- [main] o.a.catalina.core.AprLifecycleListener   : An older version [1.2.16] of the APR based Apache Tomcat Native library is installed, while Tomcat recommends a minimum version of [1.2.21]
2019-04-14 12:10:36.168  INFO 8340 --- [main] o.a.catalina.core.AprLifecycleListener   : Loaded APR based Apache Tomcat Native library [1.2.16] using APR version [1.6.3].
2019-04-14 12:10:36.169  INFO 8340 --- [main] o.a.catalina.core.AprLifecycleListener   : APR capabilities: IPv6 [true], sendfile [true], accept filters [false], random [true].
2019-04-14 12:10:36.169  INFO 8340 --- [main] o.a.catalina.core.AprLifecycleListener   : APR/OpenSSL configuration: useAprConnector [false], useOpenSSL [true]
2019-04-14 12:10:37.237  INFO 8340 --- [main] o.a.catalina.core.AprLifecycleListener   : OpenSSL successfully initialized [OpenSSL 1.0.2m  2 Nov 2017]
2019-04-14 12:10:37.356  INFO 8340 --- [main] o.a.c.c.C.[Tomcat].[localhost].[/]       : Initializing Spring embedded WebApplicationContext
2019-04-14 12:10:37.357  INFO 8340 --- [main] o.s.web.context.ContextLoader            : Root WebApplicationContext: initialization completed in 2473 ms
2019-04-14 12:10:37.757  INFO 8340 --- [main] o.s.s.concurrent.ThreadPoolTaskExecutor  : Initializing ExecutorService 'applicationTaskExecutor'
2019-04-14 12:10:38.026  INFO 8340 --- [main] o.s.b.w.embedded.tomcat.TomcatWebServer  : Tomcat started on port(s): 8080 (http) with context path ''
2019-04-14 12:10:38.029  INFO 8340 --- [main] com.springcache.DemoApplication          : Started DemoApplication in 3.963 seconds (JVM running for 5.204)
2019-04-14 12:10:42.150  INFO 8340 --- [http-nio-8080-exec-1] o.a.c.c.C.[Tomcat].[localhost].[/]       : Initializing Spring DispatcherServlet 'dispatcherServlet'
2019-04-14 12:10:42.151  INFO 8340 --- [http-nio-8080-exec-1] o.s.web.servlet.DispatcherServlet        : Initializing Servlet 'dispatcherServlet'
2019-04-14 12:10:42.161  INFO 8340 --- [http-nio-8080-exec-1] o.s.web.servlet.DispatcherServlet        : Completed initialization in 10 ms
2019-04-14 12:10:42.219  INFO 8340 --- [http-nio-8080-exec-1] com.zaxxer.hikari.HikariDataSource       : HikariPool-1 - Starting...
2019-04-14 12:10:42.358  INFO 8340 --- [http-nio-8080-exec-1] com.zaxxer.hikari.HikariDataSource       : HikariPool-1 - Start completed.
